[debug] [2022-05-01T12:00:05.588Z] ----------------------------------------------------------------------
[debug] [2022-05-01T12:00:05.590Z] Command:       C:\Program Files\nodejs\node.exe C:\Users\riopu\AppData\Roaming\npm\node_modules\firebase-tools\lib\bin\firebase.js init
[debug] [2022-05-01T12:00:05.591Z] CLI Version:   9.14.0
[debug] [2022-05-01T12:00:05.591Z] Platform:      win32
[debug] [2022-05-01T12:00:05.591Z] Node Version:  v16.3.0
[debug] [2022-05-01T12:00:05.600Z] Time:          Sun May 01 2022 18:00:05 GMT+0600 (Bangladesh Standard Time)
[debug] [2022-05-01T12:00:05.600Z] ----------------------------------------------------------------------
[debug] 
[debug] [2022-05-01T12:00:05.603Z] >>> [apiv2][query] GET https://firebase-public.firebaseio.com/cli.json [none]
[debug] [2022-05-01T12:00:05.629Z] > command requires scopes: ["email","openid","https://www.googleapis.com/auth/cloudplatformprojects.readonly","https://www.googleapis.com/auth/firebase","https://www.googleapis.com/auth/cloud-platform"]
[debug] [2022-05-01T12:00:05.629Z] > authorizing via signed-in user (riopulok@gmail.com)
[info] 
     ######## #### ########  ######## ########     ###     ######  ########
     ##        ##  ##     ## ##       ##     ##  ##   ##  ##       ##
     ######    ##  ########  ######   ########  #########  ######  ######
     ##        ##  ##    ##  ##       ##     ## ##     ##       ## ##
     ##       #### ##     ## ######## ########  ##     ##  ######  ########

You're about to initialize a Firebase project in this directory:

  E:\All about programming\Pulok\HeroAssignments\SCIC\New Jobs\Projects\Online-Doctors-Portal-main

Before we get started, keep in mind:

  * You are initializing within an existing Firebase project directory

[debug] [2022-05-01T12:00:06.560Z] <<< [apiv2][status] GET https://firebase-public.firebaseio.com/cli.json 200
[debug] [2022-05-01T12:00:06.560Z] <<< [apiv2][body] GET https://firebase-public.firebaseio.com/cli.json {"cloudBuildErrorAfter":1594252800000,"cloudBuildWarnAfter":1590019200000,"defaultNode10After":1594252800000,"minVersion":"3.0.5","node8DeploysDisabledAfter":1613390400000,"node8RuntimeDisabledAfter":1615809600000,"node8WarnAfter":1600128000000}
[info] 
=== Project Setup
[info] 
[info] First, let's associate this project directory with a Firebase project.
[info] You can create multiple project aliases by running firebase use --add, 
[info] but for now we'll just set up a default project.
[info] 
[info] i  .firebaserc already has a default project, using online-doctors-portal. 
[debug] [2022-05-01T12:00:59.624Z] > refreshing access token with scopes: []
[debug] [2022-05-01T12:00:59.624Z] >>> HTTP REQUEST POST https://www.googleapis.com/oauth2/v3/token  
 <request body omitted>
[debug] [2022-05-01T12:00:59.836Z] <<< HTTP RESPONSE 400 {"date":"Sun, 01 May 2022 12:00:59 GMT","expires":"Mon, 01 Jan 1990 00:00:00 GMT","pragma":"no-cache","cache-control":"no-cache, no-store, max-age=0, must-revalidate","content-type":"application/json; charset=utf-8","vary":"X-Origin, Referer, Origin,Accept-Encoding","server":"scaffolding on HTTPServer2","x-xss-protection":"0","x-frame-options":"SAMEORIGIN","x-content-type-options":"nosniff","alt-svc":"h3=\":443\"; ma=2592000,h3-29=\":443\"; ma=2592000,h3-Q050=\":443\"; ma=2592000,h3-Q046=\":443\"; ma=2592000,h3-Q043=\":443\"; ma=2592000,quic=\":443\"; ma=2592000; v=\"46,43\"","accept-ranges":"none","transfer-encoding":"chunked"}
[debug] [2022-05-01T12:00:59.837Z] >>> [apiv2][query] GET https://firebase.googleapis.com/v1beta1/projects/online-doctors-portal [none]
[debug] [2022-05-01T12:01:00.197Z] <<< [apiv2][status] GET https://firebase.googleapis.com/v1beta1/projects/online-doctors-portal 401
[debug] [2022-05-01T12:01:00.197Z] <<< [apiv2][body] GET https://firebase.googleapis.com/v1beta1/projects/online-doctors-portal {"error":{"code":401,"message":"Request had invalid authentication credentials. Expected OAuth 2 access token, login cookie or other valid authentication credential. See https://developers.google.com/identity/sign-in/web/devconsole-project.","status":"UNAUTHENTICATED"}}
[debug] [2022-05-01T12:01:00.197Z] HTTP Error: 401, Request had invalid authentication credentials. Expected OAuth 2 access token, login cookie or other valid authentication credential. See https://developers.google.com/identity/sign-in/web/devconsole-project.
[debug] [2022-05-01T12:01:00.379Z] FirebaseError: HTTP Error: 401, Request had invalid authentication credentials. Expected OAuth 2 access token, login cookie or other valid authentication credential. See https://developers.google.com/identity/sign-in/web/devconsole-project.
    at module.exports (C:\Users\riopu\AppData\Roaming\npm\node_modules\firebase-tools\lib\responseToError.js:38:12)
    at Client.doRequest (C:\Users\riopu\AppData\Roaming\npm\node_modules\firebase-tools\lib\apiv2.js:238:23)
    at processTicksAndRejections (node:internal/process/task_queues:96:5)
    at async Client.request (C:\Users\riopu\AppData\Roaming\npm\node_modules\firebase-tools\lib\apiv2.js:96:20)
    at async Object.getFirebaseProject (C:\Users\riopu\AppData\Roaming\npm\node_modules\firebase-tools\lib\management\projects.js:290:21)
    at async Object.doSetup [as project] (C:\Users\riopu\AppData\Roaming\npm\node_modules\firebase-tools\lib\init\features\project.js:77:27)
    at async init (C:\Users\riopu\AppData\Roaming\npm\node_modules\firebase-tools\lib\init\index.js:19:9)
[error] 
[error] Error: Failed to get Firebase project online-doctors-portal. Please make sure the project exists and your account has permission to access it.
